<?xml version="1.0" encoding="UTF-8"?>
<!-- Generated by org.testng.reporters.JUnitReportReporter -->
<testsuite hostname="DDC5-D-4SR6T72" name="com.ActionDemo.TestFirefoxDay2" tests="1" failures="0" timestamp="15 Nov 2018 05:44:03 GMT" time="1.991" errors="0">
  <testcase name="f" time="1.991" classname="com.ActionDemo.TestFirefoxDay2"/>
</testsuite> <!-- com.ActionDemo.TestFirefoxDay2 -->
