<?xml version="1.0" encoding="UTF-8"?>
<!-- Generated by org.testng.reporters.JUnitReportReporter -->
<testsuite hostname="DDC5-D-4SR6T72" name="com.ActionDemo.ScreenshotDemo" tests="1" failures="0" timestamp="14 Nov 2018 10:38:41 GMT" time="2.774" errors="0">
  <testcase name="f" time="2.774" classname="com.ActionDemo.ScreenshotDemo"/>
</testsuite> <!-- com.ActionDemo.ScreenshotDemo -->
