<?xml version="1.0" encoding="UTF-8"?>
<!-- Generated by org.testng.reporters.JUnitReportReporter -->
<testsuite hostname="DDC5-D-4SR6T72" name="com.ActionDemo.ContextClick" tests="1" failures="0" timestamp="14 Nov 2018 09:06:15 GMT" time="2.208" errors="0">
  <testcase name="f" time="2.208" classname="com.ActionDemo.ContextClick"/>
</testsuite> <!-- com.ActionDemo.ContextClick -->
