<?xml version="1.0" encoding="UTF-8"?>
<!-- Generated by org.testng.reporters.JUnitReportReporter -->
<testsuite hostname="DDC5-D-4SR6T72" name="com.ActionDemo.ActionFirstTest" tests="1" failures="0" timestamp="15 Nov 2018 04:53:57 GMT" time="0.008" errors="0">
  <testcase name="login" time="0.008" classname="com.ActionDemo.ActionFirstTest"/>
</testsuite> <!-- com.ActionDemo.ActionFirstTest -->
