<?xml version="1.0" encoding="UTF-8"?>
<!-- Generated by org.testng.reporters.JUnitReportReporter -->
<testsuite hostname="DDC5-D-4SR6T72" name="com.ActionDemo.MultipleFramesDemo" tests="1" failures="0" timestamp="14 Nov 2018 10:23:21 GMT" time="3.201" errors="0">
  <testcase name="f" time="3.201" classname="com.ActionDemo.MultipleFramesDemo"/>
</testsuite> <!-- com.ActionDemo.MultipleFramesDemo -->
