<?xml version="1.0" encoding="UTF-8"?>
<!-- Generated by org.testng.reporters.JUnitReportReporter -->
<testsuite hostname="DDC5-D-4SR6T72" name="com.ActionDemo.JavascriptExecutorDemo" tests="1" failures="0" timestamp="14 Nov 2018 11:42:51 GMT" time="11.125" errors="0">
  <testcase name="f" time="11.125" classname="com.ActionDemo.JavascriptExecutorDemo"/>
</testsuite> <!-- com.ActionDemo.JavascriptExecutorDemo -->
