<?xml version="1.0" encoding="UTF-8"?>
<!-- Generated by org.testng.reporters.JUnitReportReporter -->
<testsuite hostname="DDC5-D-4SR6T72" name="com.ActionDemo.ChromeProfileDay2" tests="1" failures="0" timestamp="15 Nov 2018 05:19:11 GMT" time="11.731" errors="0">
  <testcase name="f" time="11.731" classname="com.ActionDemo.ChromeProfileDay2"/>
</testsuite> <!-- com.ActionDemo.ChromeProfileDay2 -->
