<?xml version="1.0" encoding="UTF-8"?>
<!-- Generated by org.testng.reporters.JUnitReportReporter -->
<testsuite hostname="DDC5-D-4SR6T72" name="com.ActionDemo.FramesDemo" tests="1" failures="0" timestamp="14 Nov 2018 10:09:25 GMT" time="5.890" errors="0">
  <testcase name="f" time="5.890" classname="com.ActionDemo.FramesDemo"/>
</testsuite> <!-- com.ActionDemo.FramesDemo -->
